{"C:\\Users\\natha\\OneDrive\\Desktop\\Projects\\The-Periodic-Table-Of-Elements\\periodic-table-react\\src\\App.tsx": {"path":"C:\\Users\\natha\\OneDrive\\Desktop\\Projects\\The-Periodic-Table-Of-Elements\\periodic-table-react\\src\\App.tsx","statementMap":{"0":{"start":{"line":10,"column":25},"end":{"line":10,"column":null}},"1":{"start":{"line":12,"column":2},"end":{"line":42,"column":null}}},"fnMap":{"0":{"name":"App","decl":{"start":{"line":9,"column":9},"end":{"line":9,"column":15}},"loc":{"start":{"line":9,"column":15},"end":{"line":44,"column":null}},"line":9}},"branchMap":{},"s":{"0":20,"1":20},"f":{"0":20},"b":{},"meta":{"lastBranch":0,"lastFunction":1,"lastStatement":2,"seen":{"f:9:9:9:15":0,"s:10:25:10:Infinity":0,"s:12:2:42:Infinity":1}}}
,"C:\\Users\\natha\\OneDrive\\Desktop\\Projects\\The-Periodic-Table-Of-Elements\\periodic-table-react\\src\\components\\CategoryFilter\\CategoryFilter.module.css": {"path":"C:\\Users\\natha\\OneDrive\\Desktop\\Projects\\The-Periodic-Table-Of-Elements\\periodic-table-react\\src\\components\\CategoryFilter\\CategoryFilter.module.css","statementMap":{},"fnMap":{},"branchMap":{},"s":{},"f":{},"b":{},"meta":{"lastBranch":0,"lastFunction":0,"lastStatement":0,"seen":{}}}
,"C:\\Users\\natha\\OneDrive\\Desktop\\Projects\\The-Periodic-Table-Of-Elements\\periodic-table-react\\src\\components\\CategoryFilter\\CategoryFilter.tsx": {"path":"C:\\Users\\natha\\OneDrive\\Desktop\\Projects\\The-Periodic-Table-Of-Elements\\periodic-table-react\\src\\components\\CategoryFilter\\CategoryFilter.tsx","statementMap":{"0":{"start":{"line":11,"column":58},"end":{"line":22,"column":null}},"1":{"start":{"line":29,"column":2},"end":{"line":45,"column":null}},"2":{"start":{"line":32,"column":8},"end":{"line":43,"column":null}},"3":{"start":{"line":37,"column":25},"end":{"line":37,"column":null}},"4":{"start":{"line":38,"column":30},"end":{"line":38,"column":null}},"5":{"start":{"line":39,"column":30},"end":{"line":39,"column":null}}},"fnMap":{"0":{"name":"CategoryFilter","decl":{"start":{"line":24,"column":16},"end":{"line":24,"column":31}},"loc":{"start":{"line":28,"column":24},"end":{"line":47,"column":null}},"line":28},"1":{"name":"(anonymous_1)","decl":{"start":{"line":31,"column":22},"end":{"line":31,"column":null}},"loc":{"start":{"line":32,"column":8},"end":{"line":43,"column":null}},"line":32},"2":{"name":"(anonymous_2)","decl":{"start":{"line":37,"column":19},"end":{"line":37,"column":25}},"loc":{"start":{"line":37,"column":25},"end":{"line":37,"column":null}},"line":37},"3":{"name":"(anonymous_3)","decl":{"start":{"line":38,"column":24},"end":{"line":38,"column":30}},"loc":{"start":{"line":38,"column":30},"end":{"line":38,"column":null}},"line":38},"4":{"name":"(anonymous_4)","decl":{"start":{"line":39,"column":24},"end":{"line":39,"column":30}},"loc":{"start":{"line":39,"column":30},"end":{"line":39,"column":null}},"line":39}},"branchMap":{"0":{"loc":{"start":{"line":35,"column":12},"end":{"line":35,"column":null}},"type":"cond-expr","locations":[{"start":{"line":35,"column":45},"end":{"line":35,"column":61}},{"start":{"line":35,"column":61},"end":{"line":35,"column":null}}],"line":35}},"s":{"0":2,"1":26,"2":260,"3":4,"4":1,"5":1},"f":{"0":26,"1":260,"2":4,"3":1,"4":1},"b":{"0":[4,256]},"meta":{"lastBranch":1,"lastFunction":5,"lastStatement":6,"seen":{"s:11:58:22:Infinity":0,"f:24:16:24:31":0,"s:29:2:45:Infinity":1,"f:31:22:31:Infinity":1,"s:32:8:43:Infinity":2,"b:35:45:35:61:35:61:35:Infinity":0,"f:37:19:37:25":2,"s:37:25:37:Infinity":3,"f:38:24:38:30":3,"s:38:30:38:Infinity":4,"f:39:24:39:30":4,"s:39:30:39:Infinity":5}}}
,"C:\\Users\\natha\\OneDrive\\Desktop\\Projects\\The-Periodic-Table-Of-Elements\\periodic-table-react\\src\\components\\CategoryFilter\\index.ts": {"path":"C:\\Users\\natha\\OneDrive\\Desktop\\Projects\\The-Periodic-Table-Of-Elements\\periodic-table-react\\src\\components\\CategoryFilter\\index.ts","statementMap":{},"fnMap":{},"branchMap":{},"s":{},"f":{},"b":{},"meta":{"lastBranch":0,"lastFunction":0,"lastStatement":0,"seen":{}}}
,"C:\\Users\\natha\\OneDrive\\Desktop\\Projects\\The-Periodic-Table-Of-Elements\\periodic-table-react\\src\\components\\Element\\ElementCell.module.css": {"path":"C:\\Users\\natha\\OneDrive\\Desktop\\Projects\\The-Periodic-Table-Of-Elements\\periodic-table-react\\src\\components\\Element\\ElementCell.module.css","statementMap":{},"fnMap":{},"branchMap":{},"s":{},"f":{},"b":{},"meta":{"lastBranch":0,"lastFunction":0,"lastStatement":0,"seen":{}}}
,"C:\\Users\\natha\\OneDrive\\Desktop\\Projects\\The-Periodic-Table-Of-Elements\\periodic-table-react\\src\\components\\Element\\ElementCell.tsx": {"path":"C:\\Users\\natha\\OneDrive\\Desktop\\Projects\\The-Periodic-Table-Of-Elements\\periodic-table-react\\src\\components\\Element\\ElementCell.tsx","statementMap":{"0":{"start":{"line":13,"column":58},"end":{"line":24,"column":null}},"1":{"start":{"line":26,"column":65},"end":{"line":30,"column":null}},"2":{"start":{"line":33,"column":2},"end":{"line":37,"column":null}},"3":{"start":{"line":34,"column":20},"end":{"line":34,"column":null}},"4":{"start":{"line":35,"column":19},"end":{"line":35,"column":null}},"5":{"start":{"line":36,"column":20},"end":{"line":36,"column":null}},"6":{"start":{"line":48,"column":105},"end":{"line":48,"column":null}},"7":{"start":{"line":50,"column":21},"end":{"line":58,"column":null}},"8":{"start":{"line":60,"column":2},"end":{"line":94,"column":null}},"9":{"start":{"line":68,"column":8},"end":{"line":71,"column":null}},"10":{"start":{"line":69,"column":10},"end":{"line":69,"column":null}},"11":{"start":{"line":70,"column":10},"end":{"line":70,"column":null}},"12":{"start":{"line":90,"column":12},"end":{"line":90,"column":null}}},"fnMap":{"0":{"name":"getThreatDots","decl":{"start":{"line":32,"column":9},"end":{"line":32,"column":23}},"loc":{"start":{"line":32,"column":70},"end":{"line":38,"column":null}},"line":32},"1":{"name":"ElementCell","decl":{"start":{"line":40,"column":16},"end":{"line":40,"column":28}},"loc":{"start":{"line":47,"column":21},"end":{"line":96,"column":null}},"line":47},"2":{"name":"(anonymous_2)","decl":{"start":{"line":67,"column":17},"end":{"line":67,"column":18}},"loc":{"start":{"line":67,"column":24},"end":{"line":72,"column":null}},"line":67},"3":{"name":"(anonymous_3)","decl":{"start":{"line":89,"column":66},"end":{"line":89,"column":67}},"loc":{"start":{"line":90,"column":12},"end":{"line":90,"column":null}},"line":90}},"branchMap":{"0":{"loc":{"start":{"line":33,"column":2},"end":{"line":37,"column":null}},"type":"switch","locations":[{"start":{"line":34,"column":4},"end":{"line":34,"column":null}},{"start":{"line":35,"column":4},"end":{"line":35,"column":null}},{"start":{"line":36,"column":4},"end":{"line":36,"column":null}}],"line":33},"1":{"loc":{"start":{"line":42,"column":2},"end":{"line":42,"column":null}},"type":"default-arg","locations":[{"start":{"line":42,"column":14},"end":{"line":42,"column":null}}],"line":42},"2":{"loc":{"start":{"line":43,"column":2},"end":{"line":43,"column":null}},"type":"default-arg","locations":[{"start":{"line":43,"column":12},"end":{"line":43,"column":null}}],"line":43},"3":{"loc":{"start":{"line":44,"column":2},"end":{"line":44,"column":null}},"type":"default-arg","locations":[{"start":{"line":44,"column":18},"end":{"line":44,"column":null}}],"line":44},"4":{"loc":{"start":{"line":45,"column":2},"end":{"line":45,"column":null}},"type":"default-arg","locations":[{"start":{"line":45,"column":17},"end":{"line":45,"column":null}}],"line":45},"5":{"loc":{"start":{"line":53,"column":4},"end":{"line":53,"column":null}},"type":"binary-expr","locations":[{"start":{"line":53,"column":4},"end":{"line":53,"column":17}},{"start":{"line":53,"column":17},"end":{"line":53,"column":null}}],"line":53},"6":{"loc":{"start":{"line":54,"column":4},"end":{"line":54,"column":null}},"type":"binary-expr","locations":[{"start":{"line":54,"column":4},"end":{"line":54,"column":15}},{"start":{"line":54,"column":15},"end":{"line":54,"column":null}}],"line":54},"7":{"loc":{"start":{"line":55,"column":4},"end":{"line":55,"column":null}},"type":"binary-expr","locations":[{"start":{"line":55,"column":4},"end":{"line":55,"column":21}},{"start":{"line":55,"column":21},"end":{"line":55,"column":null}}],"line":55},"8":{"loc":{"start":{"line":56,"column":4},"end":{"line":56,"column":null}},"type":"binary-expr","locations":[{"start":{"line":56,"column":4},"end":{"line":56,"column":20}},{"start":{"line":56,"column":20},"end":{"line":56,"column":null}}],"line":56},"9":{"loc":{"start":{"line":57,"column":4},"end":{"line":57,"column":null}},"type":"binary-expr","locations":[{"start":{"line":57,"column":4},"end":{"line":57,"column":19}},{"start":{"line":57,"column":19},"end":{"line":57,"column":null}}],"line":57},"10":{"loc":{"start":{"line":68,"column":8},"end":{"line":71,"column":null}},"type":"if","locations":[{"start":{"line":68,"column":8},"end":{"line":71,"column":null}},{"start":{},"end":{}}],"line":68},"11":{"loc":{"start":{"line":68,"column":12},"end":{"line":68,"column":48}},"type":"binary-expr","locations":[{"start":{"line":68,"column":12},"end":{"line":68,"column":33}},{"start":{"line":68,"column":33},"end":{"line":68,"column":48}}],"line":68},"12":{"loc":{"start":{"line":75,"column":9},"end":{"line":75,"column":null}},"type":"binary-expr","locations":[{"start":{"line":75,"column":9},"end":{"line":75,"column":38}},{"start":{"line":75,"column":38},"end":{"line":75,"column":null}}],"line":75},"13":{"loc":{"start":{"line":76,"column":9},"end":{"line":76,"column":null}},"type":"binary-expr","locations":[{"start":{"line":76,"column":9},"end":{"line":76,"column":38}},{"start":{"line":76,"column":38},"end":{"line":76,"column":null}}],"line":76},"14":{"loc":{"start":{"line":77,"column":9},"end":{"line":77,"column":null}},"type":"binary-expr","locations":[{"start":{"line":77,"column":9},"end":{"line":77,"column":38}},{"start":{"line":77,"column":38},"end":{"line":77,"column":null}}],"line":77},"15":{"loc":{"start":{"line":78,"column":9},"end":{"line":78,"column":null}},"type":"binary-expr","locations":[{"start":{"line":78,"column":9},"end":{"line":78,"column":38}},{"start":{"line":78,"column":38},"end":{"line":78,"column":null}}],"line":78},"16":{"loc":{"start":{"line":79,"column":9},"end":{"line":79,"column":null}},"type":"binary-expr","locations":[{"start":{"line":79,"column":9},"end":{"line":79,"column":38}},{"start":{"line":79,"column":38},"end":{"line":79,"column":null}}],"line":79},"17":{"loc":{"start":{"line":80,"column":9},"end":{"line":80,"column":null}},"type":"binary-expr","locations":[{"start":{"line":80,"column":9},"end":{"line":80,"column":38}},{"start":{"line":80,"column":38},"end":{"line":80,"column":null}}],"line":80},"18":{"loc":{"start":{"line":81,"column":9},"end":{"line":81,"column":null}},"type":"binary-expr","locations":[{"start":{"line":81,"column":9},"end":{"line":81,"column":38}},{"start":{"line":81,"column":38},"end":{"line":81,"column":null}}],"line":81},"19":{"loc":{"start":{"line":86,"column":36},"end":{"line":86,"column":81}},"type":"cond-expr","locations":[{"start":{"line":86,"column":50},"end":{"line":86,"column":70}},{"start":{"line":86,"column":70},"end":{"line":86,"column":81}}],"line":86},"20":{"loc":{"start":{"line":87,"column":7},"end":{"line":92,"column":null}},"type":"binary-expr","locations":[{"start":{"line":87,"column":7},"end":{"line":87,"column":null}},{"start":{"line":88,"column":8},"end":{"line":92,"column":null}}],"line":87}},"s":{"0":2,"1":2,"2":882,"3":560,"4":140,"5":182,"6":2374,"7":2374,"8":2374,"9":2,"10":2,"11":2,"12":1386},"f":{"0":882,"1":2374,"2":2,"3":1386},"b":{"0":[560,140,182],"1":[2374],"2":[2374],"3":[2374],"4":[2374],"5":[2374,331],"6":[2374,0],"7":[2374,14],"8":[2374,5],"9":[2374,882],"10":[2,0],"11":[2,1],"12":[2374,2374],"13":[2374,2320],"14":[2374,2160],"15":[2374,2000],"16":[2374,1600],"17":[2374,1280],"18":[2374,640],"19":[681,1693],"20":[2374,882]},"meta":{"lastBranch":21,"lastFunction":4,"lastStatement":13,"seen":{"s:13:58:24:Infinity":0,"s:26:65:30:Infinity":1,"f:32:9:32:23":0,"b:34:4:34:Infinity:35:4:35:Infinity:36:4:36:Infinity":0,"s:33:2:37:Infinity":2,"s:34:20:34:Infinity":3,"s:35:19:35:Infinity":4,"s:36:20:36:Infinity":5,"f:40:16:40:28":1,"b:42:14:42:Infinity":1,"b:43:12:43:Infinity":2,"b:44:18:44:Infinity":3,"b:45:17:45:Infinity":4,"s:48:105:48:Infinity":6,"s:50:21:58:Infinity":7,"b:53:4:53:17:53:17:53:Infinity":5,"b:54:4:54:15:54:15:54:Infinity":6,"b:55:4:55:21:55:21:55:Infinity":7,"b:56:4:56:20:56:20:56:Infinity":8,"b:57:4:57:19:57:19:57:Infinity":9,"s:60:2:94:Infinity":8,"f:67:17:67:18":2,"b:68:8:71:Infinity:undefined:undefined:undefined:undefined":10,"s:68:8:71:Infinity":9,"b:68:12:68:33:68:33:68:48":11,"s:69:10:69:Infinity":10,"s:70:10:70:Infinity":11,"b:75:9:75:38:75:38:75:Infinity":12,"b:76:9:76:38:76:38:76:Infinity":13,"b:77:9:77:38:77:38:77:Infinity":14,"b:78:9:78:38:78:38:78:Infinity":15,"b:79:9:79:38:79:38:79:Infinity":16,"b:80:9:80:38:80:38:80:Infinity":17,"b:81:9:81:38:81:38:81:Infinity":18,"b:86:50:86:70:86:70:86:81":19,"b:87:7:87:Infinity:88:8:92:Infinity":20,"f:89:66:89:67":3,"s:90:12:90:Infinity":12}}}
,"C:\\Users\\natha\\OneDrive\\Desktop\\Projects\\The-Periodic-Table-Of-Elements\\periodic-table-react\\src\\components\\Element\\EmptyCell.tsx": {"path":"C:\\Users\\natha\\OneDrive\\Desktop\\Projects\\The-Periodic-Table-Of-Elements\\periodic-table-react\\src\\components\\Element\\EmptyCell.tsx","statementMap":{"0":{"start":{"line":4,"column":2},"end":{"line":4,"column":null}}},"fnMap":{"0":{"name":"EmptyCell","decl":{"start":{"line":3,"column":16},"end":{"line":3,"column":28}},"loc":{"start":{"line":3,"column":28},"end":{"line":5,"column":null}},"line":3}},"branchMap":{},"s":{"0":760},"f":{"0":760},"b":{},"meta":{"lastBranch":0,"lastFunction":1,"lastStatement":1,"seen":{"f:3:16:3:28":0,"s:4:2:4:Infinity":0}}}
,"C:\\Users\\natha\\OneDrive\\Desktop\\Projects\\The-Periodic-Table-Of-Elements\\periodic-table-react\\src\\components\\Element\\index.ts": {"path":"C:\\Users\\natha\\OneDrive\\Desktop\\Projects\\The-Periodic-Table-Of-Elements\\periodic-table-react\\src\\components\\Element\\index.ts","statementMap":{},"fnMap":{},"branchMap":{},"s":{},"f":{},"b":{},"meta":{"lastBranch":0,"lastFunction":0,"lastStatement":0,"seen":{}}}
,"C:\\Users\\natha\\OneDrive\\Desktop\\Projects\\The-Periodic-Table-Of-Elements\\periodic-table-react\\src\\components\\ElementDetail\\ElementDetail.module.css": {"path":"C:\\Users\\natha\\OneDrive\\Desktop\\Projects\\The-Periodic-Table-Of-Elements\\periodic-table-react\\src\\components\\ElementDetail\\ElementDetail.module.css","statementMap":{},"fnMap":{},"branchMap":{},"s":{},"f":{},"b":{},"meta":{"lastBranch":0,"lastFunction":0,"lastStatement":0,"seen":{}}}
,"C:\\Users\\natha\\OneDrive\\Desktop\\Projects\\The-Periodic-Table-Of-Elements\\periodic-table-react\\src\\components\\ElementDetail\\ElementDetail.tsx": {"path":"C:\\Users\\natha\\OneDrive\\Desktop\\Projects\\The-Periodic-Table-Of-Elements\\periodic-table-react\\src\\components\\ElementDetail\\ElementDetail.tsx","statementMap":{"0":{"start":{"line":11,"column":58},"end":{"line":22,"column":null}},"1":{"start":{"line":24,"column":65},"end":{"line":28,"column":null}},"2":{"start":{"line":30,"column":94},"end":{"line":34,"column":null}},"3":{"start":{"line":37,"column":2},"end":{"line":41,"column":null}},"4":{"start":{"line":38,"column":20},"end":{"line":38,"column":null}},"5":{"start":{"line":39,"column":19},"end":{"line":39,"column":null}},"6":{"start":{"line":40,"column":20},"end":{"line":40,"column":null}},"7":{"start":{"line":45,"column":8},"end":{"line":45,"column":null}},"8":{"start":{"line":46,"column":26},"end":{"line":46,"column":null}},"9":{"start":{"line":48,"column":2},"end":{"line":52,"column":null}},"10":{"start":{"line":49,"column":4},"end":{"line":51,"column":null}},"11":{"start":{"line":50,"column":6},"end":{"line":50,"column":null}},"12":{"start":{"line":54,"column":2},"end":{"line":56,"column":null}},"13":{"start":{"line":55,"column":4},"end":{"line":55,"column":null}},"14":{"start":{"line":58,"column":122},"end":{"line":58,"column":null}},"15":{"start":{"line":60,"column":2},"end":{"line":169,"column":null}},"16":{"start":{"line":108,"column":24},"end":{"line":108,"column":null}},"17":{"start":{"line":120,"column":16},"end":{"line":120,"column":null}}},"fnMap":{"0":{"name":"getThreatDots","decl":{"start":{"line":36,"column":9},"end":{"line":36,"column":23}},"loc":{"start":{"line":36,"column":70},"end":{"line":42,"column":null}},"line":36},"1":{"name":"ElementDetail","decl":{"start":{"line":44,"column":16},"end":{"line":44,"column":30}},"loc":{"start":{"line":44,"column":80},"end":{"line":171,"column":null}},"line":44},"2":{"name":"(anonymous_2)","decl":{"start":{"line":48,"column":12},"end":{"line":48,"column":18}},"loc":{"start":{"line":48,"column":18},"end":{"line":52,"column":5}},"line":48},"3":{"name":"(anonymous_3)","decl":{"start":{"line":107,"column":78},"end":{"line":107,"column":79}},"loc":{"start":{"line":108,"column":24},"end":{"line":108,"column":null}},"line":108},"4":{"name":"(anonymous_4)","decl":{"start":{"line":119,"column":38},"end":{"line":119,"column":39}},"loc":{"start":{"line":120,"column":16},"end":{"line":120,"column":null}},"line":120}},"branchMap":{"0":{"loc":{"start":{"line":37,"column":2},"end":{"line":41,"column":null}},"type":"switch","locations":[{"start":{"line":38,"column":4},"end":{"line":38,"column":null}},{"start":{"line":39,"column":4},"end":{"line":39,"column":null}},{"start":{"line":40,"column":4},"end":{"line":40,"column":null}}],"line":37},"1":{"loc":{"start":{"line":49,"column":4},"end":{"line":51,"column":null}},"type":"if","locations":[{"start":{"line":49,"column":4},"end":{"line":51,"column":null}},{"start":{},"end":{}}],"line":49},"2":{"loc":{"start":{"line":50,"column":16},"end":{"line":50,"column":60}},"type":"cond-expr","locations":[{"start":{"line":50,"column":25},"end":{"line":50,"column":59}},{"start":{"line":50,"column":59},"end":{"line":50,"column":60}}],"line":50},"3":{"loc":{"start":{"line":54,"column":2},"end":{"line":56,"column":null}},"type":"if","locations":[{"start":{"line":54,"column":2},"end":{"line":56,"column":null}},{"start":{},"end":{}}],"line":54},"4":{"loc":{"start":{"line":76,"column":19},"end":{"line":76,"column":null}},"type":"binary-expr","locations":[{"start":{"line":76,"column":19},"end":{"line":76,"column":48}},{"start":{"line":76,"column":48},"end":{"line":76,"column":null}}],"line":76},"5":{"loc":{"start":{"line":77,"column":19},"end":{"line":77,"column":null}},"type":"binary-expr","locations":[{"start":{"line":77,"column":19},"end":{"line":77,"column":48}},{"start":{"line":77,"column":48},"end":{"line":77,"column":null}}],"line":77},"6":{"loc":{"start":{"line":78,"column":19},"end":{"line":78,"column":null}},"type":"binary-expr","locations":[{"start":{"line":78,"column":19},"end":{"line":78,"column":48}},{"start":{"line":78,"column":48},"end":{"line":78,"column":null}}],"line":78},"7":{"loc":{"start":{"line":79,"column":19},"end":{"line":79,"column":null}},"type":"binary-expr","locations":[{"start":{"line":79,"column":19},"end":{"line":79,"column":48}},{"start":{"line":79,"column":48},"end":{"line":79,"column":null}}],"line":79},"8":{"loc":{"start":{"line":80,"column":19},"end":{"line":80,"column":null}},"type":"binary-expr","locations":[{"start":{"line":80,"column":19},"end":{"line":80,"column":48}},{"start":{"line":80,"column":48},"end":{"line":80,"column":null}}],"line":80},"9":{"loc":{"start":{"line":81,"column":19},"end":{"line":81,"column":null}},"type":"binary-expr","locations":[{"start":{"line":81,"column":19},"end":{"line":81,"column":48}},{"start":{"line":81,"column":48},"end":{"line":81,"column":null}}],"line":81},"10":{"loc":{"start":{"line":82,"column":19},"end":{"line":82,"column":null}},"type":"binary-expr","locations":[{"start":{"line":82,"column":19},"end":{"line":82,"column":48}},{"start":{"line":82,"column":48},"end":{"line":82,"column":null}}],"line":82},"11":{"loc":{"start":{"line":87,"column":52},"end":{"line":87,"column":97}},"type":"cond-expr","locations":[{"start":{"line":87,"column":66},"end":{"line":87,"column":86}},{"start":{"line":87,"column":86},"end":{"line":87,"column":97}}],"line":87},"12":{"loc":{"start":{"line":94,"column":17},"end":{"line":94,"column":null}},"type":"binary-expr","locations":[{"start":{"line":94,"column":17},"end":{"line":94,"column":39}},{"start":{"line":94,"column":39},"end":{"line":94,"column":null}}],"line":94},"13":{"loc":{"start":{"line":95,"column":17},"end":{"line":95,"column":null}},"type":"binary-expr","locations":[{"start":{"line":95,"column":17},"end":{"line":95,"column":41}},{"start":{"line":95,"column":41},"end":{"line":95,"column":null}}],"line":95},"14":{"loc":{"start":{"line":96,"column":17},"end":{"line":96,"column":null}},"type":"binary-expr","locations":[{"start":{"line":96,"column":17},"end":{"line":96,"column":50}},{"start":{"line":96,"column":50},"end":{"line":96,"column":null}}],"line":96},"15":{"loc":{"start":{"line":97,"column":17},"end":{"line":97,"column":null}},"type":"binary-expr","locations":[{"start":{"line":97,"column":17},"end":{"line":97,"column":46}},{"start":{"line":97,"column":46},"end":{"line":97,"column":null}}],"line":97},"16":{"loc":{"start":{"line":98,"column":17},"end":{"line":98,"column":null}},"type":"binary-expr","locations":[{"start":{"line":98,"column":17},"end":{"line":98,"column":39}},{"start":{"line":98,"column":39},"end":{"line":98,"column":null}}],"line":98},"17":{"loc":{"start":{"line":99,"column":17},"end":{"line":99,"column":null}},"type":"binary-expr","locations":[{"start":{"line":99,"column":17},"end":{"line":99,"column":39}},{"start":{"line":99,"column":39},"end":{"line":99,"column":null}}],"line":99},"18":{"loc":{"start":{"line":102,"column":15},"end":{"line":113,"column":null}},"type":"binary-expr","locations":[{"start":{"line":102,"column":15},"end":{"line":102,"column":null}},{"start":{"line":103,"column":16},"end":{"line":113,"column":null}}],"line":102},"19":{"loc":{"start":{"line":126,"column":16},"end":{"line":138,"column":null}},"type":"binary-expr","locations":[{"start":{"line":126,"column":16},"end":{"line":126,"column":45}},{"start":{"line":126,"column":45},"end":{"line":126,"column":69}},{"start":{"line":126,"column":69},"end":{"line":126,"column":null}},{"start":{"line":127,"column":16},"end":{"line":138,"column":null}}],"line":126},"20":{"loc":{"start":{"line":130,"column":21},"end":{"line":130,"column":null}},"type":"binary-expr","locations":[{"start":{"line":130,"column":21},"end":{"line":130,"column":50}},{"start":{"line":130,"column":50},"end":{"line":130,"column":null}}],"line":130},"21":{"loc":{"start":{"line":131,"column":21},"end":{"line":131,"column":null}},"type":"binary-expr","locations":[{"start":{"line":131,"column":21},"end":{"line":131,"column":45}},{"start":{"line":131,"column":45},"end":{"line":131,"column":null}}],"line":131},"22":{"loc":{"start":{"line":132,"column":21},"end":{"line":132,"column":null}},"type":"binary-expr","locations":[{"start":{"line":132,"column":21},"end":{"line":132,"column":45}},{"start":{"line":132,"column":45},"end":{"line":132,"column":null}}],"line":132},"23":{"loc":{"start":{"line":133,"column":21},"end":{"line":133,"column":null}},"type":"binary-expr","locations":[{"start":{"line":133,"column":21},"end":{"line":133,"column":46}},{"start":{"line":133,"column":46},"end":{"line":133,"column":null}}],"line":133},"24":{"loc":{"start":{"line":134,"column":21},"end":{"line":134,"column":null}},"type":"binary-expr","locations":[{"start":{"line":134,"column":21},"end":{"line":134,"column":55}},{"start":{"line":134,"column":55},"end":{"line":134,"column":null}}],"line":134},"25":{"loc":{"start":{"line":135,"column":21},"end":{"line":135,"column":null}},"type":"binary-expr","locations":[{"start":{"line":135,"column":21},"end":{"line":135,"column":61}},{"start":{"line":135,"column":61},"end":{"line":135,"column":null}}],"line":135},"26":{"loc":{"start":{"line":136,"column":21},"end":{"line":136,"column":null}},"type":"binary-expr","locations":[{"start":{"line":136,"column":21},"end":{"line":136,"column":48}},{"start":{"line":136,"column":48},"end":{"line":136,"column":null}}],"line":136},"27":{"loc":{"start":{"line":138,"column":16},"end":{"line":151,"column":null}},"type":"binary-expr","locations":[{"start":{"line":141,"column":16},"end":{"line":141,"column":41}},{"start":{"line":141,"column":41},"end":{"line":141,"column":73}},{"start":{"line":141,"column":73},"end":{"line":141,"column":null}},{"start":{"line":142,"column":16},"end":{"line":151,"column":null}}],"line":138},"28":{"loc":{"start":{"line":145,"column":21},"end":{"line":145,"column":null}},"type":"binary-expr","locations":[{"start":{"line":145,"column":21},"end":{"line":145,"column":46}},{"start":{"line":145,"column":46},"end":{"line":145,"column":null}}],"line":145},"29":{"loc":{"start":{"line":146,"column":21},"end":{"line":146,"column":null}},"type":"binary-expr","locations":[{"start":{"line":146,"column":21},"end":{"line":146,"column":46}},{"start":{"line":146,"column":46},"end":{"line":146,"column":null}}],"line":146},"30":{"loc":{"start":{"line":147,"column":21},"end":{"line":147,"column":null}},"type":"binary-expr","locations":[{"start":{"line":147,"column":21},"end":{"line":147,"column":53}},{"start":{"line":147,"column":53},"end":{"line":147,"column":null}}],"line":147},"31":{"loc":{"start":{"line":148,"column":21},"end":{"line":148,"column":null}},"type":"binary-expr","locations":[{"start":{"line":148,"column":21},"end":{"line":148,"column":53}},{"start":{"line":148,"column":53},"end":{"line":148,"column":null}}],"line":148},"32":{"loc":{"start":{"line":149,"column":21},"end":{"line":149,"column":null}},"type":"binary-expr","locations":[{"start":{"line":149,"column":21},"end":{"line":149,"column":48}},{"start":{"line":149,"column":48},"end":{"line":149,"column":null}}],"line":149},"33":{"loc":{"start":{"line":151,"column":16},"end":{"line":163,"column":null}},"type":"binary-expr","locations":[{"start":{"line":154,"column":16},"end":{"line":154,"column":44}},{"start":{"line":154,"column":44},"end":{"line":154,"column":null}},{"start":{"line":155,"column":16},"end":{"line":163,"column":null}}],"line":151},"34":{"loc":{"start":{"line":158,"column":21},"end":{"line":158,"column":null}},"type":"binary-expr","locations":[{"start":{"line":158,"column":21},"end":{"line":158,"column":49}},{"start":{"line":158,"column":49},"end":{"line":158,"column":null}}],"line":158},"35":{"loc":{"start":{"line":159,"column":21},"end":{"line":159,"column":null}},"type":"binary-expr","locations":[{"start":{"line":159,"column":21},"end":{"line":159,"column":47}},{"start":{"line":159,"column":47},"end":{"line":159,"column":null}}],"line":159},"36":{"loc":{"start":{"line":160,"column":21},"end":{"line":160,"column":null}},"type":"binary-expr","locations":[{"start":{"line":160,"column":21},"end":{"line":160,"column":46}},{"start":{"line":160,"column":46},"end":{"line":160,"column":null}}],"line":160},"37":{"loc":{"start":{"line":161,"column":21},"end":{"line":161,"column":null}},"type":"binary-expr","locations":[{"start":{"line":161,"column":21},"end":{"line":161,"column":54}},{"start":{"line":161,"column":54},"end":{"line":161,"column":null}}],"line":161}},"s":{"0":2,"1":2,"2":2,"3":1,"4":0,"5":0,"6":1,"7":34,"8":34,"9":34,"10":28,"11":16,"12":34,"13":16,"14":18,"15":18,"16":3,"17":32},"f":{"0":1,"1":34,"2":28,"3":3,"4":32},"b":{"0":[0,0,1],"1":[16,12],"2":[14,2],"3":[16,18],"4":[18,18],"5":[34,0],"6":[34,0],"7":[34,0],"8":[34,0],"9":[34,0],"10":[34,0],"11":[0,18],"12":[34,18],"13":[34,18],"14":[34,18],"15":[34,18],"16":[34,18],"17":[34,18],"18":[34,1],"19":[34,0,0,18],"20":[18,18],"21":[18,18],"22":[18,18],"23":[18,18],"24":[18,18],"25":[18,18],"26":[18,18],"27":[34,0,0,18],"28":[18,18],"29":[18,18],"30":[18,18],"31":[18,18],"32":[18,0],"33":[34,0,18],"34":[18,18],"35":[18,18],"36":[18,0],"37":[18,0]},"meta":{"lastBranch":38,"lastFunction":5,"lastStatement":18,"seen":{"s:11:58:22:Infinity":0,"s:24:65:28:Infinity":1,"s:30:94:34:Infinity":2,"f:36:9:36:23":0,"b:38:4:38:Infinity:39:4:39:Infinity:40:4:40:Infinity":0,"s:37:2:41:Infinity":3,"s:38:20:38:Infinity":4,"s:39:19:39:Infinity":5,"s:40:20:40:Infinity":6,"f:44:16:44:30":1,"s:45:8:45:Infinity":7,"s:46:26:46:Infinity":8,"s:48:2:52:Infinity":9,"f:48:12:48:18":2,"b:49:4:51:Infinity:undefined:undefined:undefined:undefined":1,"s:49:4:51:Infinity":10,"s:50:6:50:Infinity":11,"b:50:25:50:59:50:59:50:60":2,"b:54:2:56:Infinity:undefined:undefined:undefined:undefined":3,"s:54:2:56:Infinity":12,"s:55:4:55:Infinity":13,"s:58:122:58:Infinity":14,"s:60:2:169:Infinity":15,"b:76:19:76:48:76:48:76:Infinity":4,"b:77:19:77:48:77:48:77:Infinity":5,"b:78:19:78:48:78:48:78:Infinity":6,"b:79:19:79:48:79:48:79:Infinity":7,"b:80:19:80:48:80:48:80:Infinity":8,"b:81:19:81:48:81:48:81:Infinity":9,"b:82:19:82:48:82:48:82:Infinity":10,"b:87:66:87:86:87:86:87:97":11,"b:94:17:94:39:94:39:94:Infinity":12,"b:95:17:95:41:95:41:95:Infinity":13,"b:96:17:96:50:96:50:96:Infinity":14,"b:97:17:97:46:97:46:97:Infinity":15,"b:98:17:98:39:98:39:98:Infinity":16,"b:99:17:99:39:99:39:99:Infinity":17,"b:102:15:102:Infinity:103:16:113:Infinity":18,"f:107:78:107:79":3,"s:108:24:108:Infinity":16,"f:119:38:119:39":4,"s:120:16:120:Infinity":17,"b:126:16:126:45:126:45:126:69:126:69:126:Infinity:127:16:138:Infinity":19,"b:130:21:130:50:130:50:130:Infinity":20,"b:131:21:131:45:131:45:131:Infinity":21,"b:132:21:132:45:132:45:132:Infinity":22,"b:133:21:133:46:133:46:133:Infinity":23,"b:134:21:134:55:134:55:134:Infinity":24,"b:135:21:135:61:135:61:135:Infinity":25,"b:136:21:136:48:136:48:136:Infinity":26,"b:141:16:141:41:141:41:141:73:141:73:141:Infinity:142:16:151:Infinity":27,"b:145:21:145:46:145:46:145:Infinity":28,"b:146:21:146:46:146:46:146:Infinity":29,"b:147:21:147:53:147:53:147:Infinity":30,"b:148:21:148:53:148:53:148:Infinity":31,"b:149:21:149:48:149:48:149:Infinity":32,"b:154:16:154:44:154:44:154:Infinity:155:16:163:Infinity":33,"b:158:21:158:49:158:49:158:Infinity":34,"b:159:21:159:47:159:47:159:Infinity":35,"b:160:21:160:46:160:46:160:Infinity":36,"b:161:21:161:54:161:54:161:Infinity":37}}}
,"C:\\Users\\natha\\OneDrive\\Desktop\\Projects\\The-Periodic-Table-Of-Elements\\periodic-table-react\\src\\components\\ElementDetail\\index.ts": {"path":"C:\\Users\\natha\\OneDrive\\Desktop\\Projects\\The-Periodic-Table-Of-Elements\\periodic-table-react\\src\\components\\ElementDetail\\index.ts","statementMap":{},"fnMap":{},"branchMap":{},"s":{},"f":{},"b":{},"meta":{"lastBranch":0,"lastFunction":0,"lastStatement":0,"seen":{}}}
,"C:\\Users\\natha\\OneDrive\\Desktop\\Projects\\The-Periodic-Table-Of-Elements\\periodic-table-react\\src\\components\\Footer\\Footer.module.css": {"path":"C:\\Users\\natha\\OneDrive\\Desktop\\Projects\\The-Periodic-Table-Of-Elements\\periodic-table-react\\src\\components\\Footer\\Footer.module.css","statementMap":{},"fnMap":{},"branchMap":{},"s":{},"f":{},"b":{},"meta":{"lastBranch":0,"lastFunction":0,"lastStatement":0,"seen":{}}}
,"C:\\Users\\natha\\OneDrive\\Desktop\\Projects\\The-Periodic-Table-Of-Elements\\periodic-table-react\\src\\components\\Footer\\Footer.tsx": {"path":"C:\\Users\\natha\\OneDrive\\Desktop\\Projects\\The-Periodic-Table-Of-Elements\\periodic-table-react\\src\\components\\Footer\\Footer.tsx","statementMap":{"0":{"start":{"line":4,"column":8},"end":{"line":4,"column":null}},"1":{"start":{"line":6,"column":2},"end":{"line":17,"column":null}}},"fnMap":{"0":{"name":"Footer","decl":{"start":{"line":3,"column":16},"end":{"line":3,"column":25}},"loc":{"start":{"line":3,"column":25},"end":{"line":19,"column":null}},"line":3}},"branchMap":{},"s":{"0":24,"1":24},"f":{"0":24},"b":{},"meta":{"lastBranch":0,"lastFunction":1,"lastStatement":2,"seen":{"f:3:16:3:25":0,"s:4:8:4:Infinity":0,"s:6:2:17:Infinity":1}}}
,"C:\\Users\\natha\\OneDrive\\Desktop\\Projects\\The-Periodic-Table-Of-Elements\\periodic-table-react\\src\\components\\Footer\\index.ts": {"path":"C:\\Users\\natha\\OneDrive\\Desktop\\Projects\\The-Periodic-Table-Of-Elements\\periodic-table-react\\src\\components\\Footer\\index.ts","statementMap":{},"fnMap":{},"branchMap":{},"s":{},"f":{},"b":{},"meta":{"lastBranch":0,"lastFunction":0,"lastStatement":0,"seen":{}}}
,"C:\\Users\\natha\\OneDrive\\Desktop\\Projects\\The-Periodic-Table-Of-Elements\\periodic-table-react\\src\\components\\PeriodicTable\\PeriodicTable.module.css": {"path":"C:\\Users\\natha\\OneDrive\\Desktop\\Projects\\The-Periodic-Table-Of-Elements\\periodic-table-react\\src\\components\\PeriodicTable\\PeriodicTable.module.css","statementMap":{},"fnMap":{},"branchMap":{},"s":{},"f":{},"b":{},"meta":{"lastBranch":0,"lastFunction":0,"lastStatement":0,"seen":{}}}
,"C:\\Users\\natha\\OneDrive\\Desktop\\Projects\\The-Periodic-Table-Of-Elements\\periodic-table-react\\src\\components\\PeriodicTable\\PeriodicTable.tsx": {"path":"C:\\Users\\natha\\OneDrive\\Desktop\\Projects\\The-Periodic-Table-Of-Elements\\periodic-table-react\\src\\components\\PeriodicTable\\PeriodicTable.tsx","statementMap":{"0":{"start":{"line":26,"column":8},"end":{"line":30,"column":null}},"1":{"start":{"line":27,"column":16},"end":{"line":27,"column":null}},"2":{"start":{"line":28,"column":4},"end":{"line":28,"column":null}},"3":{"start":{"line":28,"column":30},"end":{"line":28,"column":58}},"4":{"start":{"line":29,"column":4},"end":{"line":29,"column":null}},"5":{"start":{"line":33,"column":37},"end":{"line":59,"column":null}},"6":{"start":{"line":34,"column":25},"end":{"line":34,"column":null}},"7":{"start":{"line":35,"column":25},"end":{"line":35,"column":null}},"8":{"start":{"line":37,"column":4},"end":{"line":39,"column":null}},"9":{"start":{"line":38,"column":6},"end":{"line":38,"column":null}},"10":{"start":{"line":41,"column":24},"end":{"line":41,"column":null}},"11":{"start":{"line":42,"column":20},"end":{"line":42,"column":null}},"12":{"start":{"line":44,"column":4},"end":{"line":56,"column":null}},"13":{"start":{"line":45,"column":30},"end":{"line":45,"column":null}},"14":{"start":{"line":46,"column":28},"end":{"line":46,"column":null}},"15":{"start":{"line":47,"column":12},"end":{"line":47,"column":null}},"16":{"start":{"line":49,"column":6},"end":{"line":55,"column":null}},"17":{"start":{"line":50,"column":8},"end":{"line":54,"column":null}},"18":{"start":{"line":51,"column":10},"end":{"line":51,"column":null}},"19":{"start":{"line":53,"column":10},"end":{"line":53,"column":null}},"20":{"start":{"line":58,"column":4},"end":{"line":58,"column":null}},"21":{"start":{"line":62,"column":8},"end":{"line":79,"column":null}},"22":{"start":{"line":63,"column":39},"end":{"line":63,"column":null}},"23":{"start":{"line":65,"column":4},"end":{"line":76,"column":null}},"24":{"start":{"line":65,"column":22},"end":{"line":65,"column":25}},"25":{"start":{"line":66,"column":38},"end":{"line":66,"column":null}},"26":{"start":{"line":68,"column":6},"end":{"line":73,"column":null}},"27":{"start":{"line":69,"column":20},"end":{"line":69,"column":null}},"28":{"start":{"line":70,"column":8},"end":{"line":72,"column":null}},"29":{"start":{"line":71,"column":10},"end":{"line":71,"column":null}},"30":{"start":{"line":75,"column":6},"end":{"line":75,"column":null}},"31":{"start":{"line":78,"column":4},"end":{"line":78,"column":null}},"32":{"start":{"line":82,"column":8},"end":{"line":84,"column":null}},"33":{"start":{"line":82,"column":30},"end":{"line":83,"column":null}},"34":{"start":{"line":83,"column":41},"end":{"line":83,"column":59}},"35":{"start":{"line":86,"column":8},"end":{"line":88,"column":null}},"36":{"start":{"line":86,"column":28},"end":{"line":87,"column":null}},"37":{"start":{"line":87,"column":39},"end":{"line":87,"column":57}},"38":{"start":{"line":90,"column":21},"end":{"line":105,"column":null}},"39":{"start":{"line":91,"column":4},"end":{"line":93,"column":null}},"40":{"start":{"line":92,"column":6},"end":{"line":92,"column":null}},"41":{"start":{"line":95,"column":4},"end":{"line":103,"column":null}},"42":{"start":{"line":102,"column":23},"end":{"line":102,"column":null}},"43":{"start":{"line":107,"column":2},"end":{"line":128,"column":null}},"44":{"start":{"line":111,"column":10},"end":{"line":113,"column":null}},"45":{"start":{"line":112,"column":46},"end":{"line":112,"column":77}},"46":{"start":{"line":120,"column":38},"end":{"line":120,"column":79}},"47":{"start":{"line":125,"column":36},"end":{"line":125,"column":77}}},"fnMap":{"0":{"name":"PeriodicTable","decl":{"start":{"line":17,"column":16},"end":{"line":17,"column":30}},"loc":{"start":{"line":24,"column":23},"end":{"line":130,"column":null}},"line":24},"1":{"name":"(anonymous_1)","decl":{"start":{"line":26,"column":29},"end":{"line":26,"column":35}},"loc":{"start":{"line":26,"column":35},"end":{"line":30,"column":5}},"line":26},"2":{"name":"(anonymous_2)","decl":{"start":{"line":28,"column":24},"end":{"line":28,"column":30}},"loc":{"start":{"line":28,"column":30},"end":{"line":28,"column":58}},"line":28},"3":{"name":"(anonymous_3)","decl":{"start":{"line":33,"column":49},"end":{"line":33,"column":55}},"loc":{"start":{"line":33,"column":55},"end":{"line":59,"column":5}},"line":33},"4":{"name":"(anonymous_4)","decl":{"start":{"line":44,"column":24},"end":{"line":44,"column":30}},"loc":{"start":{"line":44,"column":30},"end":{"line":56,"column":5}},"line":44},"5":{"name":"(anonymous_5)","decl":{"start":{"line":62,"column":26},"end":{"line":62,"column":32}},"loc":{"start":{"line":62,"column":32},"end":{"line":79,"column":5}},"line":62},"6":{"name":"(anonymous_6)","decl":{"start":{"line":68,"column":26},"end":{"line":68,"column":32}},"loc":{"start":{"line":68,"column":32},"end":{"line":73,"column":7}},"line":68},"7":{"name":"(anonymous_7)","decl":{"start":{"line":82,"column":30},"end":{"line":82,"column":null}},"loc":{"start":{"line":82,"column":30},"end":{"line":83,"column":null}},"line":82},"8":{"name":"(anonymous_8)","decl":{"start":{"line":83,"column":36},"end":{"line":83,"column":41}},"loc":{"start":{"line":83,"column":41},"end":{"line":83,"column":59}},"line":83},"9":{"name":"(anonymous_9)","decl":{"start":{"line":86,"column":28},"end":{"line":86,"column":null}},"loc":{"start":{"line":86,"column":28},"end":{"line":87,"column":null}},"line":86},"10":{"name":"(anonymous_10)","decl":{"start":{"line":87,"column":34},"end":{"line":87,"column":39}},"loc":{"start":{"line":87,"column":39},"end":{"line":87,"column":57}},"line":87},"11":{"name":"(anonymous_11)","decl":{"start":{"line":90,"column":21},"end":{"line":90,"column":22}},"loc":{"start":{"line":90,"column":65},"end":{"line":105,"column":null}},"line":90},"12":{"name":"(anonymous_12)","decl":{"start":{"line":102,"column":17},"end":{"line":102,"column":23}},"loc":{"start":{"line":102,"column":23},"end":{"line":102,"column":null}},"line":102},"13":{"name":"(anonymous_13)","decl":{"start":{"line":110,"column":21},"end":{"line":110,"column":22}},"loc":{"start":{"line":111,"column":10},"end":{"line":113,"column":null}},"line":111},"14":{"name":"(anonymous_14)","decl":{"start":{"line":112,"column":21},"end":{"line":112,"column":22}},"loc":{"start":{"line":112,"column":46},"end":{"line":112,"column":77}},"line":112},"15":{"name":"(anonymous_15)","decl":{"start":{"line":120,"column":27},"end":{"line":120,"column":38}},"loc":{"start":{"line":120,"column":38},"end":{"line":120,"column":79}},"line":120},"16":{"name":"(anonymous_16)","decl":{"start":{"line":125,"column":25},"end":{"line":125,"column":36}},"loc":{"start":{"line":125,"column":36},"end":{"line":125,"column":77}},"line":125}},"branchMap":{"0":{"loc":{"start":{"line":34,"column":25},"end":{"line":34,"column":null}},"type":"binary-expr","locations":[{"start":{"line":34,"column":25},"end":{"line":34,"column":43}},{"start":{"line":34,"column":43},"end":{"line":34,"column":null}}],"line":34},"1":{"loc":{"start":{"line":35,"column":25},"end":{"line":35,"column":null}},"type":"binary-expr","locations":[{"start":{"line":35,"column":25},"end":{"line":35,"column":46}},{"start":{"line":35,"column":46},"end":{"line":35,"column":null}}],"line":35},"2":{"loc":{"start":{"line":37,"column":4},"end":{"line":39,"column":null}},"type":"if","locations":[{"start":{"line":37,"column":4},"end":{"line":39,"column":null}},{"start":{},"end":{}}],"line":37},"3":{"loc":{"start":{"line":37,"column":8},"end":{"line":37,"column":40}},"type":"binary-expr","locations":[{"start":{"line":37,"column":8},"end":{"line":37,"column":25}},{"start":{"line":37,"column":25},"end":{"line":37,"column":40}}],"line":37},"4":{"loc":{"start":{"line":45,"column":30},"end":{"line":45,"column":null}},"type":"cond-expr","locations":[{"start":{"line":45,"column":45},"end":{"line":45,"column":76}},{"start":{"line":45,"column":76},"end":{"line":45,"column":null}}],"line":45},"5":{"loc":{"start":{"line":46,"column":28},"end":{"line":46,"column":null}},"type":"cond-expr","locations":[{"start":{"line":46,"column":43},"end":{"line":46,"column":77}},{"start":{"line":46,"column":77},"end":{"line":46,"column":null}}],"line":46},"6":{"loc":{"start":{"line":47,"column":12},"end":{"line":47,"column":null}},"type":"binary-expr","locations":[{"start":{"line":47,"column":23},"end":{"line":47,"column":66}},{"start":{"line":47,"column":66},"end":{"line":47,"column":null}}],"line":47},"7":{"loc":{"start":{"line":47,"column":23},"end":{"line":47,"column":66}},"type":"cond-expr","locations":[{"start":{"line":47,"column":38},"end":{"line":47,"column":56}},{"start":{"line":47,"column":56},"end":{"line":47,"column":66}}],"line":47},"8":{"loc":{"start":{"line":47,"column":66},"end":{"line":47,"column":null}},"type":"cond-expr","locations":[{"start":{"line":47,"column":81},"end":{"line":47,"column":97}},{"start":{"line":47,"column":97},"end":{"line":47,"column":null}}],"line":47},"9":{"loc":{"start":{"line":49,"column":6},"end":{"line":55,"column":null}},"type":"if","locations":[{"start":{"line":49,"column":6},"end":{"line":55,"column":null}},{"start":{},"end":{}}],"line":49},"10":{"loc":{"start":{"line":49,"column":10},"end":{"line":49,"column":40}},"type":"binary-expr","locations":[{"start":{"line":49,"column":10},"end":{"line":49,"column":26}},{"start":{"line":49,"column":26},"end":{"line":49,"column":40}}],"line":49},"11":{"loc":{"start":{"line":50,"column":8},"end":{"line":54,"column":null}},"type":"if","locations":[{"start":{"line":50,"column":8},"end":{"line":54,"column":null}},{"start":{"line":52,"column":15},"end":{"line":54,"column":null}}],"line":50},"12":{"loc":{"start":{"line":70,"column":8},"end":{"line":72,"column":null}},"type":"if","locations":[{"start":{"line":70,"column":8},"end":{"line":72,"column":null}},{"start":{},"end":{}}],"line":70},"13":{"loc":{"start":{"line":70,"column":12},"end":{"line":70,"column":82}},"type":"binary-expr","locations":[{"start":{"line":70,"column":12},"end":{"line":70,"column":19}},{"start":{"line":70,"column":19},"end":{"line":70,"column":44}},{"start":{"line":70,"column":44},"end":{"line":70,"column":65}},{"start":{"line":70,"column":65},"end":{"line":70,"column":82}}],"line":70},"14":{"loc":{"start":{"line":91,"column":4},"end":{"line":93,"column":null}},"type":"if","locations":[{"start":{"line":91,"column":4},"end":{"line":93,"column":null}},{"start":{},"end":{}}],"line":91},"15":{"loc":{"start":{"line":100,"column":23},"end":{"line":100,"column":null}},"type":"binary-expr","locations":[{"start":{"line":100,"column":23},"end":{"line":100,"column":67}},{"start":{"line":100,"column":67},"end":{"line":100,"column":null}}],"line":100}},"s":{"0":20,"1":11,"2":11,"3":1298,"4":11,"5":20,"6":15,"7":15,"8":15,"9":12,"10":3,"11":3,"12":3,"13":354,"14":354,"15":354,"16":354,"17":354,"18":23,"19":331,"20":3,"21":20,"22":11,"23":11,"24":11,"25":77,"26":77,"27":9086,"28":9086,"29":968,"30":77,"31":77,"32":20,"33":11,"34":165,"35":20,"36":11,"37":165,"38":20,"39":3120,"40":760,"41":2360,"42":4,"43":20,"44":140,"45":2520,"46":300,"47":300},"f":{"0":20,"1":11,"2":1298,"3":15,"4":354,"5":11,"6":9086,"7":11,"8":165,"9":11,"10":165,"11":3120,"12":4,"13":140,"14":2520,"15":300,"16":300},"b":{"0":[15,13],"1":[15,14],"2":[12,3],"3":[15,13],"4":[236,118],"5":[118,236],"6":[354,132],"7":[236,118],"8":[118,14],"9":[354,0],"10":[354,118],"11":[23,331],"12":[968,8118],"13":[9086,9086,1298,1133],"14":[760,2360],"15":[2360,23]},"meta":{"lastBranch":16,"lastFunction":17,"lastStatement":48,"seen":{"f:17:16:17:30":0,"s:26:8:30:Infinity":0,"f:26:29:26:35":1,"s:27:16:27:Infinity":1,"s:28:4:28:Infinity":2,"f:28:24:28:30":2,"s:28:30:28:58":3,"s:29:4:29:Infinity":4,"s:33:37:59:Infinity":5,"f:33:49:33:55":3,"s:34:25:34:Infinity":6,"b:34:25:34:43:34:43:34:Infinity":0,"s:35:25:35:Infinity":7,"b:35:25:35:46:35:46:35:Infinity":1,"b:37:4:39:Infinity:undefined:undefined:undefined:undefined":2,"s:37:4:39:Infinity":8,"b:37:8:37:25:37:25:37:40":3,"s:38:6:38:Infinity":9,"s:41:24:41:Infinity":10,"s:42:20:42:Infinity":11,"s:44:4:56:Infinity":12,"f:44:24:44:30":4,"s:45:30:45:Infinity":13,"b:45:45:45:76:45:76:45:Infinity":4,"s:46:28:46:Infinity":14,"b:46:43:46:77:46:77:46:Infinity":5,"s:47:12:47:Infinity":15,"b:47:23:47:66:47:66:47:Infinity":6,"b:47:38:47:56:47:56:47:66":7,"b:47:81:47:97:47:97:47:Infinity":8,"b:49:6:55:Infinity:undefined:undefined:undefined:undefined":9,"s:49:6:55:Infinity":16,"b:49:10:49:26:49:26:49:40":10,"b:50:8:54:Infinity:52:15:54:Infinity":11,"s:50:8:54:Infinity":17,"s:51:10:51:Infinity":18,"s:53:10:53:Infinity":19,"s:58:4:58:Infinity":20,"s:62:8:79:Infinity":21,"f:62:26:62:32":5,"s:63:39:63:Infinity":22,"s:65:4:76:Infinity":23,"s:65:22:65:25":24,"s:66:38:66:Infinity":25,"s:68:6:73:Infinity":26,"f:68:26:68:32":6,"s:69:20:69:Infinity":27,"b:70:8:72:Infinity:undefined:undefined:undefined:undefined":12,"s:70:8:72:Infinity":28,"b:70:12:70:19:70:19:70:44:70:44:70:65:70:65:70:82":13,"s:71:10:71:Infinity":29,"s:75:6:75:Infinity":30,"s:78:4:78:Infinity":31,"s:82:8:84:Infinity":32,"f:82:30:82:Infinity":7,"s:82:30:83:Infinity":33,"f:83:36:83:41":8,"s:83:41:83:59":34,"s:86:8:88:Infinity":35,"f:86:28:86:Infinity":9,"s:86:28:87:Infinity":36,"f:87:34:87:39":10,"s:87:39:87:57":37,"s:90:21:105:Infinity":38,"f:90:21:90:22":11,"b:91:4:93:Infinity:undefined:undefined:undefined:undefined":14,"s:91:4:93:Infinity":39,"s:92:6:92:Infinity":40,"s:95:4:103:Infinity":41,"b:100:23:100:67:100:67:100:Infinity":15,"f:102:17:102:23":12,"s:102:23:102:Infinity":42,"s:107:2:128:Infinity":43,"f:110:21:110:22":13,"s:111:10:113:Infinity":44,"f:112:21:112:22":14,"s:112:46:112:77":45,"f:120:27:120:38":15,"s:120:38:120:79":46,"f:125:25:125:36":16,"s:125:36:125:77":47}}}
,"C:\\Users\\natha\\OneDrive\\Desktop\\Projects\\The-Periodic-Table-Of-Elements\\periodic-table-react\\src\\components\\PeriodicTable\\index.ts": {"path":"C:\\Users\\natha\\OneDrive\\Desktop\\Projects\\The-Periodic-Table-Of-Elements\\periodic-table-react\\src\\components\\PeriodicTable\\index.ts","statementMap":{},"fnMap":{},"branchMap":{},"s":{},"f":{},"b":{},"meta":{"lastBranch":0,"lastFunction":0,"lastStatement":0,"seen":{}}}
,"C:\\Users\\natha\\OneDrive\\Desktop\\Projects\\The-Periodic-Table-Of-Elements\\periodic-table-react\\src\\components\\ThreatFilter\\ThreatFilter.module.css": {"path":"C:\\Users\\natha\\OneDrive\\Desktop\\Projects\\The-Periodic-Table-Of-Elements\\periodic-table-react\\src\\components\\ThreatFilter\\ThreatFilter.module.css","statementMap":{},"fnMap":{},"branchMap":{},"s":{},"f":{},"b":{},"meta":{"lastBranch":0,"lastFunction":0,"lastStatement":0,"seen":{}}}
,"C:\\Users\\natha\\OneDrive\\Desktop\\Projects\\The-Periodic-Table-Of-Elements\\periodic-table-react\\src\\components\\ThreatFilter\\ThreatFilter.tsx": {"path":"C:\\Users\\natha\\OneDrive\\Desktop\\Projects\\The-Periodic-Table-Of-Elements\\periodic-table-react\\src\\components\\ThreatFilter\\ThreatFilter.tsx","statementMap":{"0":{"start":{"line":11,"column":65},"end":{"line":15,"column":null}},"1":{"start":{"line":22,"column":2},"end":{"line":49,"column":null}},"2":{"start":{"line":26,"column":8},"end":{"line":47,"column":null}},"3":{"start":{"line":31,"column":25},"end":{"line":31,"column":null}},"4":{"start":{"line":32,"column":30},"end":{"line":32,"column":null}},"5":{"start":{"line":33,"column":30},"end":{"line":33,"column":null}},"6":{"start":{"line":39,"column":16},"end":{"line":39,"column":null}}},"fnMap":{"0":{"name":"ThreatFilter","decl":{"start":{"line":17,"column":16},"end":{"line":17,"column":29}},"loc":{"start":{"line":21,"column":22},"end":{"line":51,"column":null}},"line":21},"1":{"name":"(anonymous_1)","decl":{"start":{"line":25,"column":19},"end":{"line":25,"column":null}},"loc":{"start":{"line":26,"column":8},"end":{"line":47,"column":null}},"line":26},"2":{"name":"(anonymous_2)","decl":{"start":{"line":31,"column":19},"end":{"line":31,"column":25}},"loc":{"start":{"line":31,"column":25},"end":{"line":31,"column":null}},"line":31},"3":{"name":"(anonymous_3)","decl":{"start":{"line":32,"column":24},"end":{"line":32,"column":30}},"loc":{"start":{"line":32,"column":30},"end":{"line":32,"column":null}},"line":32},"4":{"name":"(anonymous_4)","decl":{"start":{"line":33,"column":24},"end":{"line":33,"column":30}},"loc":{"start":{"line":33,"column":30},"end":{"line":33,"column":null}},"line":33},"5":{"name":"(anonymous_5)","decl":{"start":{"line":38,"column":60},"end":{"line":38,"column":61}},"loc":{"start":{"line":39,"column":16},"end":{"line":39,"column":null}},"line":39}},"branchMap":{"0":{"loc":{"start":{"line":29,"column":12},"end":{"line":29,"column":null}},"type":"cond-expr","locations":[{"start":{"line":29,"column":46},"end":{"line":29,"column":62}},{"start":{"line":29,"column":62},"end":{"line":29,"column":null}}],"line":29}},"s":{"0":2,"1":27,"2":81,"3":2,"4":1,"5":1,"6":162},"f":{"0":27,"1":81,"2":2,"3":1,"4":1,"5":162},"b":{"0":[2,79]},"meta":{"lastBranch":1,"lastFunction":6,"lastStatement":7,"seen":{"s:11:65:15:Infinity":0,"f:17:16:17:29":0,"s:22:2:49:Infinity":1,"f:25:19:25:Infinity":1,"s:26:8:47:Infinity":2,"b:29:46:29:62:29:62:29:Infinity":0,"f:31:19:31:25":2,"s:31:25:31:Infinity":3,"f:32:24:32:30":3,"s:32:30:32:Infinity":4,"f:33:24:33:30":4,"s:33:30:33:Infinity":5,"f:38:60:38:61":5,"s:39:16:39:Infinity":6}}}
,"C:\\Users\\natha\\OneDrive\\Desktop\\Projects\\The-Periodic-Table-Of-Elements\\periodic-table-react\\src\\components\\ThreatFilter\\index.ts": {"path":"C:\\Users\\natha\\OneDrive\\Desktop\\Projects\\The-Periodic-Table-Of-Elements\\periodic-table-react\\src\\components\\ThreatFilter\\index.ts","statementMap":{},"fnMap":{},"branchMap":{},"s":{},"f":{},"b":{},"meta":{"lastBranch":0,"lastFunction":0,"lastStatement":0,"seen":{}}}
,"C:\\Users\\natha\\OneDrive\\Desktop\\Projects\\The-Periodic-Table-Of-Elements\\periodic-table-react\\src\\data\\categories.ts": {"path":"C:\\Users\\natha\\OneDrive\\Desktop\\Projects\\The-Periodic-Table-Of-Elements\\periodic-table-react\\src\\data\\categories.ts","statementMap":{"0":{"start":{"line":3,"column":48},"end":{"line":14,"column":null}},"1":{"start":{"line":16,"column":64},"end":{"line":27,"column":null}},"2":{"start":{"line":29,"column":43},"end":{"line":51,"column":null}},"3":{"start":{"line":53,"column":71},"end":{"line":57,"column":null}}},"fnMap":{},"branchMap":{},"s":{"0":3,"1":3,"2":3,"3":3},"f":{},"b":{},"meta":{"lastBranch":0,"lastFunction":0,"lastStatement":4,"seen":{"s:3:48:14:Infinity":0,"s:16:64:27:Infinity":1,"s:29:43:51:Infinity":2,"s:53:71:57:Infinity":3}}}
,"C:\\Users\\natha\\OneDrive\\Desktop\\Projects\\The-Periodic-Table-Of-Elements\\periodic-table-react\\src\\data\\elements.ts": {"path":"C:\\Users\\natha\\OneDrive\\Desktop\\Projects\\The-Periodic-Table-Of-Elements\\periodic-table-react\\src\\data\\elements.ts","statementMap":{"0":{"start":{"line":3,"column":35},"end":{"line":7438,"column":null}}},"fnMap":{},"branchMap":{},"s":{"0":2},"f":{},"b":{},"meta":{"lastBranch":0,"lastFunction":0,"lastStatement":1,"seen":{"s:3:35:7438:Infinity":0}}}
,"C:\\Users\\natha\\OneDrive\\Desktop\\Projects\\The-Periodic-Table-Of-Elements\\periodic-table-react\\src\\data\\tableLayout.ts": {"path":"C:\\Users\\natha\\OneDrive\\Desktop\\Projects\\The-Periodic-Table-Of-Elements\\periodic-table-react\\src\\data\\tableLayout.ts","statementMap":{"0":{"start":{"line":13,"column":62},"end":{"line":147,"column":null}},"1":{"start":{"line":151,"column":33},"end":{"line":151,"column":null}},"2":{"start":{"line":153,"column":2},"end":{"line":158,"column":null}},"3":{"start":{"line":154,"column":16},"end":{"line":154,"column":null}},"4":{"start":{"line":155,"column":4},"end":{"line":157,"column":null}},"5":{"start":{"line":156,"column":6},"end":{"line":156,"column":null}},"6":{"start":{"line":160,"column":2},"end":{"line":160,"column":null}},"7":{"start":{"line":165,"column":2},"end":{"line":168,"column":null}},"8":{"start":{"line":166,"column":17},"end":{"line":166,"column":61}},"9":{"start":{"line":167,"column":14},"end":{"line":167,"column":28}},"10":{"start":{"line":168,"column":20},"end":{"line":168,"column":25}},"11":{"start":{"line":173,"column":2},"end":{"line":176,"column":null}},"12":{"start":{"line":174,"column":17},"end":{"line":174,"column":62}},"13":{"start":{"line":175,"column":14},"end":{"line":175,"column":28}},"14":{"start":{"line":176,"column":20},"end":{"line":176,"column":25}}},"fnMap":{"0":{"name":"getElementsForPeriod","decl":{"start":{"line":150,"column":16},"end":{"line":150,"column":37}},"loc":{"start":{"line":150,"column":110},"end":{"line":161,"column":null}},"line":150},"1":{"name":"getLanthanides","decl":{"start":{"line":164,"column":16},"end":{"line":164,"column":31}},"loc":{"start":{"line":164,"column":79},"end":{"line":169,"column":null}},"line":164},"2":{"name":"(anonymous_2)","decl":{"start":{"line":166,"column":12},"end":{"line":166,"column":17}},"loc":{"start":{"line":166,"column":17},"end":{"line":166,"column":61}},"line":166},"3":{"name":"(anonymous_3)","decl":{"start":{"line":167,"column":9},"end":{"line":167,"column":14}},"loc":{"start":{"line":167,"column":14},"end":{"line":167,"column":28}},"line":167},"4":{"name":"(anonymous_4)","decl":{"start":{"line":168,"column":10},"end":{"line":168,"column":11}},"loc":{"start":{"line":168,"column":20},"end":{"line":168,"column":25}},"line":168},"5":{"name":"getActinides","decl":{"start":{"line":172,"column":16},"end":{"line":172,"column":29}},"loc":{"start":{"line":172,"column":77},"end":{"line":177,"column":null}},"line":172},"6":{"name":"(anonymous_6)","decl":{"start":{"line":174,"column":12},"end":{"line":174,"column":17}},"loc":{"start":{"line":174,"column":17},"end":{"line":174,"column":62}},"line":174},"7":{"name":"(anonymous_7)","decl":{"start":{"line":175,"column":9},"end":{"line":175,"column":14}},"loc":{"start":{"line":175,"column":14},"end":{"line":175,"column":28}},"line":175},"8":{"name":"(anonymous_8)","decl":{"start":{"line":176,"column":10},"end":{"line":176,"column":11}},"loc":{"start":{"line":176,"column":20},"end":{"line":176,"column":25}},"line":176}},"branchMap":{"0":{"loc":{"start":{"line":155,"column":4},"end":{"line":157,"column":null}},"type":"if","locations":[{"start":{"line":155,"column":4},"end":{"line":157,"column":null}},{"start":{},"end":{}}],"line":155},"1":{"loc":{"start":{"line":155,"column":8},"end":{"line":155,"column":78}},"type":"binary-expr","locations":[{"start":{"line":155,"column":8},"end":{"line":155,"column":15}},{"start":{"line":155,"column":15},"end":{"line":155,"column":40}},{"start":{"line":155,"column":40},"end":{"line":155,"column":61}},{"start":{"line":155,"column":61},"end":{"line":155,"column":78}}],"line":155},"2":{"loc":{"start":{"line":166,"column":17},"end":{"line":166,"column":61}},"type":"binary-expr","locations":[{"start":{"line":166,"column":17},"end":{"line":166,"column":41}},{"start":{"line":166,"column":41},"end":{"line":166,"column":61}}],"line":166},"3":{"loc":{"start":{"line":174,"column":17},"end":{"line":174,"column":62}},"type":"binary-expr","locations":[{"start":{"line":174,"column":17},"end":{"line":174,"column":41}},{"start":{"line":174,"column":41},"end":{"line":174,"column":62}}],"line":174}},"s":{"0":1,"1":0,"2":0,"3":0,"4":0,"5":0,"6":0,"7":11,"8":1298,"9":165,"10":154,"11":11,"12":1298,"13":165,"14":396},"f":{"0":0,"1":11,"2":1298,"3":165,"4":154,"5":11,"6":1298,"7":165,"8":396},"b":{"0":[0,0],"1":[0,0,0,0],"2":[1298,682],"3":[1298,330]},"meta":{"lastBranch":4,"lastFunction":9,"lastStatement":15,"seen":{"s:13:62:147:Infinity":0,"f:150:16:150:37":0,"s:151:33:151:Infinity":1,"s:153:2:158:Infinity":2,"s:154:16:154:Infinity":3,"b:155:4:157:Infinity:undefined:undefined:undefined:undefined":0,"s:155:4:157:Infinity":4,"b:155:8:155:15:155:15:155:40:155:40:155:61:155:61:155:78":1,"s:156:6:156:Infinity":5,"s:160:2:160:Infinity":6,"f:164:16:164:31":1,"s:165:2:168:Infinity":7,"f:166:12:166:17":2,"s:166:17:166:61":8,"b:166:17:166:41:166:41:166:61":2,"f:167:9:167:14":3,"s:167:14:167:28":9,"f:168:10:168:11":4,"s:168:20:168:25":10,"f:172:16:172:29":5,"s:173:2:176:Infinity":11,"f:174:12:174:17":6,"s:174:17:174:62":12,"b:174:17:174:41:174:41:174:62":3,"f:175:9:175:14":7,"s:175:14:175:28":13,"f:176:10:176:11":8,"s:176:20:176:25":14}}}
,"C:\\Users\\natha\\OneDrive\\Desktop\\Projects\\The-Periodic-Table-Of-Elements\\periodic-table-react\\src\\hooks\\index.ts": {"path":"C:\\Users\\natha\\OneDrive\\Desktop\\Projects\\The-Periodic-Table-Of-Elements\\periodic-table-react\\src\\hooks\\index.ts","statementMap":{},"fnMap":{},"branchMap":{},"s":{},"f":{},"b":{},"meta":{"lastBranch":0,"lastFunction":0,"lastStatement":0,"seen":{}}}
,"C:\\Users\\natha\\OneDrive\\Desktop\\Projects\\The-Periodic-Table-Of-Elements\\periodic-table-react\\src\\hooks\\usePeriodicTableState.ts": {"path":"C:\\Users\\natha\\OneDrive\\Desktop\\Projects\\The-Periodic-Table-Of-Elements\\periodic-table-react\\src\\hooks\\usePeriodicTableState.ts","statementMap":{"0":{"start":{"line":21,"column":28},"end":{"line":28,"column":null}},"1":{"start":{"line":31,"column":2},"end":{"line":79,"column":null}},"2":{"start":{"line":33,"column":6},"end":{"line":36,"column":null}},"3":{"start":{"line":39,"column":6},"end":{"line":42,"column":null}},"4":{"start":{"line":45,"column":6},"end":{"line":48,"column":null}},"5":{"start":{"line":51,"column":6},"end":{"line":54,"column":null}},"6":{"start":{"line":58,"column":6},"end":{"line":63,"column":null}},"7":{"start":{"line":59,"column":8},"end":{"line":62,"column":null}},"8":{"start":{"line":64,"column":6},"end":{"line":68,"column":null}},"9":{"start":{"line":71,"column":6},"end":{"line":75,"column":null}},"10":{"start":{"line":78,"column":6},"end":{"line":78,"column":null}},"11":{"start":{"line":83,"column":24},"end":{"line":83,"column":null}},"12":{"start":{"line":85,"column":8},"end":{"line":87,"column":null}},"13":{"start":{"line":86,"column":4},"end":{"line":86,"column":null}},"14":{"start":{"line":89,"column":8},"end":{"line":91,"column":null}},"15":{"start":{"line":90,"column":4},"end":{"line":90,"column":null}},"16":{"start":{"line":93,"column":8},"end":{"line":95,"column":null}},"17":{"start":{"line":94,"column":4},"end":{"line":94,"column":null}},"18":{"start":{"line":97,"column":8},"end":{"line":99,"column":null}},"19":{"start":{"line":98,"column":4},"end":{"line":98,"column":null}},"20":{"start":{"line":101,"column":8},"end":{"line":103,"column":null}},"21":{"start":{"line":102,"column":4},"end":{"line":102,"column":null}},"22":{"start":{"line":105,"column":8},"end":{"line":107,"column":null}},"23":{"start":{"line":106,"column":4},"end":{"line":106,"column":null}},"24":{"start":{"line":109,"column":2},"end":{"line":119,"column":null}}},"fnMap":{"0":{"name":"reducer","decl":{"start":{"line":30,"column":9},"end":{"line":30,"column":17}},"loc":{"start":{"line":30,"column":54},"end":{"line":80,"column":null}},"line":30},"1":{"name":"usePeriodicTableState","decl":{"start":{"line":82,"column":16},"end":{"line":82,"column":40}},"loc":{"start":{"line":82,"column":40},"end":{"line":120,"column":null}},"line":82},"2":{"name":"(anonymous_2)","decl":{"start":{"line":85,"column":40},"end":{"line":85,"column":41}},"loc":{"start":{"line":85,"column":78},"end":{"line":87,"column":5}},"line":85},"3":{"name":"(anonymous_3)","decl":{"start":{"line":89,"column":41},"end":{"line":89,"column":42}},"loc":{"start":{"line":89,"column":79},"end":{"line":91,"column":5}},"line":89},"4":{"name":"(anonymous_4)","decl":{"start":{"line":93,"column":43},"end":{"line":93,"column":44}},"loc":{"start":{"line":93,"column":68},"end":{"line":95,"column":5}},"line":93},"5":{"name":"(anonymous_5)","decl":{"start":{"line":97,"column":44},"end":{"line":97,"column":45}},"loc":{"start":{"line":97,"column":69},"end":{"line":99,"column":5}},"line":97},"6":{"name":"(anonymous_6)","decl":{"start":{"line":101,"column":36},"end":{"line":101,"column":37}},"loc":{"start":{"line":101,"column":58},"end":{"line":103,"column":5}},"line":101},"7":{"name":"(anonymous_7)","decl":{"start":{"line":105,"column":34},"end":{"line":105,"column":40}},"loc":{"start":{"line":105,"column":40},"end":{"line":107,"column":5}},"line":105}},"branchMap":{"0":{"loc":{"start":{"line":31,"column":2},"end":{"line":79,"column":null}},"type":"switch","locations":[{"start":{"line":32,"column":4},"end":{"line":36,"column":null}},{"start":{"line":38,"column":4},"end":{"line":42,"column":null}},{"start":{"line":44,"column":4},"end":{"line":48,"column":null}},{"start":{"line":50,"column":4},"end":{"line":54,"column":null}},{"start":{"line":56,"column":4},"end":{"line":68,"column":null}},{"start":{"line":70,"column":4},"end":{"line":75,"column":null}},{"start":{"line":77,"column":4},"end":{"line":78,"column":null}}],"line":31},"1":{"loc":{"start":{"line":35,"column":24},"end":{"line":35,"column":null}},"type":"cond-expr","locations":[{"start":{"line":35,"column":66},"end":{"line":35,"column":73}},{"start":{"line":35,"column":73},"end":{"line":35,"column":null}}],"line":35},"2":{"loc":{"start":{"line":47,"column":27},"end":{"line":47,"column":null}},"type":"cond-expr","locations":[{"start":{"line":47,"column":72},"end":{"line":47,"column":79}},{"start":{"line":47,"column":79},"end":{"line":47,"column":null}}],"line":47},"3":{"loc":{"start":{"line":58,"column":6},"end":{"line":63,"column":null}},"type":"if","locations":[{"start":{"line":58,"column":6},"end":{"line":63,"column":null}},{"start":{},"end":{}}],"line":58}},"s":{"0":2,"1":28,"2":8,"3":3,"4":4,"5":1,"6":10,"7":2,"8":8,"9":2,"10":0,"11":56,"12":56,"13":8,"14":56,"15":3,"16":56,"17":4,"18":56,"19":1,"20":56,"21":10,"22":56,"23":2,"24":56},"f":{"0":28,"1":56,"2":8,"3":3,"4":4,"5":1,"6":10,"7":2},"b":{"0":[8,3,4,1,10,2,0],"1":[2,6],"2":[1,3],"3":[2,8]},"meta":{"lastBranch":4,"lastFunction":8,"lastStatement":25,"seen":{"s:21:28:28:Infinity":0,"f:30:9:30:17":0,"b:32:4:36:Infinity:38:4:42:Infinity:44:4:48:Infinity:50:4:54:Infinity:56:4:68:Infinity:70:4:75:Infinity:77:4:78:Infinity":0,"s:31:2:79:Infinity":1,"s:33:6:36:Infinity":2,"b:35:66:35:73:35:73:35:Infinity":1,"s:39:6:42:Infinity":3,"s:45:6:48:Infinity":4,"b:47:72:47:79:47:79:47:Infinity":2,"s:51:6:54:Infinity":5,"b:58:6:63:Infinity:undefined:undefined:undefined:undefined":3,"s:58:6:63:Infinity":6,"s:59:8:62:Infinity":7,"s:64:6:68:Infinity":8,"s:71:6:75:Infinity":9,"s:78:6:78:Infinity":10,"f:82:16:82:40":1,"s:83:24:83:Infinity":11,"s:85:8:87:Infinity":12,"f:85:40:85:41":2,"s:86:4:86:Infinity":13,"s:89:8:91:Infinity":14,"f:89:41:89:42":3,"s:90:4:90:Infinity":15,"s:93:8:95:Infinity":16,"f:93:43:93:44":4,"s:94:4:94:Infinity":17,"s:97:8:99:Infinity":18,"f:97:44:97:45":5,"s:98:4:98:Infinity":19,"s:101:8:103:Infinity":20,"f:101:36:101:37":6,"s:102:4:102:Infinity":21,"s:105:8:107:Infinity":22,"f:105:34:105:40":7,"s:106:4:106:Infinity":23,"s:109:2:119:Infinity":24}}}
,"C:\\Users\\natha\\OneDrive\\Desktop\\Projects\\The-Periodic-Table-Of-Elements\\periodic-table-react\\src\\styles\\global.css": {"path":"C:\\Users\\natha\\OneDrive\\Desktop\\Projects\\The-Periodic-Table-Of-Elements\\periodic-table-react\\src\\styles\\global.css","statementMap":{},"fnMap":{},"branchMap":{},"s":{},"f":{},"b":{},"meta":{"lastBranch":0,"lastFunction":0,"lastStatement":0,"seen":{}}}
}
